<?xml version="1.0" encoding="UTF-8"?>
<testsuite xmlns:xsi="http://www.w3.org/2001/XMLSchema-instance" xsi:noNamespaceSchemaLocation="https://maven.apache.org/surefire/maven-surefire-plugin/xsd/surefire-test-report.xsd" name="dsAlgo_TestRunner.TestRunner" time="26.525" tests="14" errors="0" skipped="0" failures="14">
  <properties>
[...]
</properties>
  <testcase name="runScenario" classname="dsAlgo_TestRunner.TestRunner" time="9.571">
    <failure message="The step &apos;user is on the Linked List Page&apos; and 2 other step(s) are undefined.&#10;You can implement these steps using the snippet(s) below:&#10;&#10;@Given(&quot;user is on the Linked List Page&quot;)&#10;public void user_is_on_the_linked_list_page() {&#10;    // Write code here that turns the phrase above into concrete actions&#10;    throw new io.cucumber.java.PendingException();&#10;}&#10;@When(&quot;user clicks on Introduction Link&quot;)&#10;public void user_clicks_on_introduction_link() {&#10;    // Write code here that turns the phrase above into concrete actions&#10;    throw new io.cucumber.java.PendingException();&#10;}&#10;@Then(&quot;user should be redirected to Introduction Page&quot;)&#10;public void user_should_be_redirected_to_introduction_page() {&#10;    // Write code here that turns the phrase above into concrete actions&#10;    throw new io.cucumber.java.PendingException();&#10;}&#10;" type="io.cucumber.testng.UndefinedStepException">io.cucumber.testng.UndefinedStepException: 
The step 'user is on the Linked List Page' and 2 other step(s) are undefined.
You can implement these steps using the snippet(s) below:

@Given("user is on the Linked List Page")
public void user_is_on_the_linked_list_page() {
    // Write code here that turns the phrase above into concrete actions
    throw new io.cucumber.java.PendingException();
}
@When("user clicks on Introduction Link")
public void user_clicks_on_introduction_link() {
    // Write code here that turns the phrase above into concrete actions
    throw new io.cucumber.java.PendingException();
}
@Then("user should be redirected to Introduction Page")
public void user_should_be_redirected_to_introduction_page() {
    // Write code here that turns the phrase above into concrete actions
    throw new io.cucumber.java.PendingException();
}

</failure>
    <system-out><![CDATA[19:05:27.540 [main] DEBUG c.a.c.service.ChainPluginService - Found configuration entry chaintest.generator.email.enabled, will use chaintest.generator.email.class-name to resolve class
19:05:27.542 [main] DEBUG c.a.c.service.ChainPluginService - Generator chaintest.generator.chainlp.enabled was not enabled. To enable, set property chaintest.generator.chainlp.enabled=true in your configuration
19:05:27.542 [main] DEBUG c.a.c.service.ChainPluginService - Found configuration entry chaintest.generator.simple.enabled, will use chaintest.generator.simple.class-name to resolve class
19:05:27.544 [main] DEBUG c.a.c.generator.FileGenerator - Loading template index.ftl for class class com.aventstack.chaintest.generator.ChainTestEmailGenerator with basePackagePath email/
19:05:27.658 [main] DEBUG c.a.c.generator.FileGenerator - Loading template index.ftl for class class com.aventstack.chaintest.generator.ChainTestSimpleGenerator with basePackagePath simple

Scenario Outline: Verify that user able to see warning message on clicking "Get Started" buttons of "Graph" on the home page without Sign in # src/test/resources/features/graphpage.feature:10

Scenario: Verify that user is on Linked List Page     # src/test/resources/features/linkedlist.feature:9

Scenario Outline: User navigates to Register page                                     # src/test/resources/features/registerpage.feature:15

Scenario Outline: Verify that user able to see warning message while selecting Graph from the dropdown Data Structures without Sign in # src/test/resources/features/graphpage.feature:4

Scenario: Verify that user is able to navigate from Introduction Page to tryEditor Page # src/test/resources/features/linkedlist.feature:14

Scenario: Verify that the user is able to click on Get Started button under Array section # src/test/resources/features/arraypage.feature:4

Scenario Outline: User navigates to login page from landing page          # src/test/resources/features/loginpage.feature:15

Scenario: Verify that the user is able to see output for valid Python code entered # src/test/resources/features/arraypage.feature:14

Scenario: Verify Array in Python Page                     # src/test/resources/features/arraypage.feature:9

Scenario: Verify that user is able to navigate from Linked List Page to Introduction Page # src/test/resources/features/linkedlist.feature:4
2025-03-14T00:05:28.586025100Z TestNG-PoolService-6 INFO Starting configuration org.apache.logging.log4j.core.config.properties.PropertiesConfiguration@7533ea38...
2025-03-14T00:05:28.587024300Z TestNG-PoolService-6 INFO Start watching for changes to C:\Users\shrsw\eclipse-workspace\DsAlgo\DsAlgoPortal_CucumberBDD\target\test-classes\log4j2.properties every 0 seconds
2025-03-14T00:05:28.587024300Z TestNG-PoolService-6 INFO Configuration org.apache.logging.log4j.core.config.properties.PropertiesConfiguration@7533ea38 started.
2025-03-14T00:05:28.592788200Z TestNG-PoolService-6 INFO Stopping configuration org.apache.logging.log4j.core.config.DefaultConfiguration@ccf9b43...
2025-03-14T00:05:28.593790500Z TestNG-PoolService-6 INFO Configuration org.apache.logging.log4j.core.config.DefaultConfiguration@ccf9b43 stopped.
https://dsportalapp.herokuapp.com/
https://dsportalapp.herokuapp.com/
https://dsportalapp.herokuapp.com/
https://dsportalapp.herokuapp.com/
  Given User is on the Home page of dsalgo portal
  Given user is navigate to the tryEditor
  Given User Launches the Chrome Browser
  Given user is on the Linked List Page
  When User clicks on Get Started button under Array section
  When user clicks on Introduction Link
  When user enter valid pythoncode
  Then User is navigated to Array page
  Then user should be redirected to Introduction Page
  When User opens the DsAlgo Portal link "https://dsportalapp.herokuapp.com/"
  Then The user checks output in the console output
  Then User clicks on the Get Started button
  Then User should see page title "NumpyNinja"
  Then User clicks on Register link
  Then User enters username as register199batch and passwords as Static123 Static123@
  Then User clicks on Register button
  Then User gets error on page Fail
https://dsportalapp.herokuapp.com/
https://dsportalapp.herokuapp.com/
https://dsportalapp.herokuapp.com/
https://dsportalapp.herokuapp.com/
  Given User Launches Chrome Browser
  Given user is on the DsAlgo Home Page
  When User opens DsAlgo Portal link "https://dsportalapp.herokuapp.com/"
  When user clicks on Get Started Button under Linked List
  Then User clicks on Get Started button
  Then user should be able to navigate to Linked List Page
  Then User should see the page title "NumpyNinja"
  Then User clicks on Signin link
  Then User enters username sdet199list and password Static123@
  Then User clicks on login button
  Then User is logged in with expected status Pass
https://dsportalapp.herokuapp.com/
  Given The user is on the Home page
  When The user clicks Get Started buttons of Graph on the homepage without Sign in
  Then The user should able to see an warning message_graph "You are not logged in"
  Given User is on the Array Page
  When user clicks on Arrays In Python Link
  Then user should be redirected to Arrays In Python Page
https://dsportalapp.herokuapp.com/
  Given The user is on the Home page "https://dsportalapp.herokuapp.com/home"
  When The user selects Graph frpm Data Structures
  Then The user should able to see an warning message "You are not logged in"
]]></system-out>
    <system-err><![CDATA[SLF4J(W): Class path contains multiple SLF4J providers.
SLF4J(W): Found provider [ch.qos.logback.classic.spi.LogbackServiceProvider@27c20538]
SLF4J(W): Found provider [org.apache.logging.slf4j.SLF4JServiceProvider@72d818d1]
SLF4J(W): Found provider [org.slf4j.simple.SimpleServiceProvider@6e06451e]
SLF4J(W): See https://www.slf4j.org/codes.html#multiple_bindings for an explanation.
SLF4J(I): Actual provider is of type [ch.qos.logback.classic.spi.LogbackServiceProvider@27c20538]
Mar 13, 2025 7:05:35 PM org.openqa.selenium.devtools.CdpVersionFinder findNearestMatch
WARNING: Unable to find an exact match for CDP version 134, returning the closest version; found: 132; Please update to a Selenium version that supports CDP version 134
Mar 13, 2025 7:05:35 PM org.openqa.selenium.devtools.CdpVersionFinder findNearestMatch
WARNING: Unable to find an exact match for CDP version 134, returning the closest version; found: 132; Please update to a Selenium version that supports CDP version 134
Mar 13, 2025 7:05:35 PM org.openqa.selenium.devtools.CdpVersionFinder findNearestMatch
WARNING: Unable to find an exact match for CDP version 134, returning the closest version; found: 132; Please update to a Selenium version that supports CDP version 134
Mar 13, 2025 7:05:35 PM org.openqa.selenium.devtools.CdpVersionFinder findNearestMatch
WARNING: Unable to find an exact match for CDP version 134, returning the closest version; found: 132; Please update to a Selenium version that supports CDP version 134
Mar 13, 2025 7:05:36 PM org.openqa.selenium.devtools.CdpVersionFinder findNearestMatch
WARNING: Unable to find an exact match for CDP version 134, returning the closest version; found: 132; Please update to a Selenium version that supports CDP version 134
Mar 13, 2025 7:05:36 PM org.openqa.selenium.devtools.CdpVersionFinder findNearestMatch
WARNING: Unable to find an exact match for CDP version 134, returning the closest version; found: 132; Please update to a Selenium version that supports CDP version 134
Mar 13, 2025 7:05:36 PM org.openqa.selenium.devtools.CdpVersionFinder findNearestMatch
WARNING: Unable to find an exact match for CDP version 134, returning the closest version; found: 132; Please update to a Selenium version that supports CDP version 134
Mar 13, 2025 7:05:36 PM org.openqa.selenium.devtools.CdpVersionFinder findNearestMatch
WARNING: Unable to find an exact match for CDP version 134, returning the closest version; found: 132; Please update to a Selenium version that supports CDP version 134
Mar 13, 2025 7:05:36 PM org.openqa.selenium.devtools.CdpVersionFinder findNearestMatch
WARNING: Unable to find an exact match for CDP version 134, returning the closest version; found: 132; Please update to a Selenium version that supports CDP version 134
Mar 13, 2025 7:05:36 PM org.openqa.selenium.devtools.CdpVersionFinder findNearestMatch
WARNING: Unable to find an exact match for CDP version 134, returning the closest version; found: 132; Please update to a Selenium version that supports CDP version 134
]]></system-err>
  </testcase>
  <testcase name="runScenario" classname="dsAlgo_TestRunner.TestRunner" time="0.432">
    <failure message="The step &apos;User Launches the Chrome Browser&apos; and 7 other step(s) are undefined.&#10;You can implement these steps using the snippet(s) below:&#10;&#10;@Given(&quot;User Launches the Chrome Browser&quot;)&#10;public void user_launches_the_chrome_browser() {&#10;    // Write code here that turns the phrase above into concrete actions&#10;    throw new io.cucumber.java.PendingException();&#10;}&#10;@When(&quot;User opens the DsAlgo Portal link {string}&quot;)&#10;public void user_opens_the_ds_algo_portal_link(String string) {&#10;    // Write code here that turns the phrase above into concrete actions&#10;    throw new io.cucumber.java.PendingException();&#10;}&#10;@Then(&quot;User clicks on the Get Started button&quot;)&#10;public void user_clicks_on_the_get_started_button() {&#10;    // Write code here that turns the phrase above into concrete actions&#10;    throw new io.cucumber.java.PendingException();&#10;}&#10;@Then(&quot;User should see page title {string}&quot;)&#10;public void user_should_see_page_title(String string) {&#10;    // Write code here that turns the phrase above into concrete actions&#10;    throw new io.cucumber.java.PendingException();&#10;}&#10;@Then(&quot;User clicks on Register link&quot;)&#10;public void user_clicks_on_register_link() {&#10;    // Write code here that turns the phrase above into concrete actions&#10;    throw new io.cucumber.java.PendingException();&#10;}&#10;@Then(&quot;User enters username as register199batch and passwords as Static123 Static123@&quot;)&#10;public void user_enters_username_as_register199batch_and_passwords_as_static123_static123() {&#10;    // Write code here that turns the phrase above into concrete actions&#10;    throw new io.cucumber.java.PendingException();&#10;}&#10;@Then(&quot;User clicks on Register button&quot;)&#10;public void user_clicks_on_register_button() {&#10;    // Write code here that turns the phrase above into concrete actions&#10;    throw new io.cucumber.java.PendingException();&#10;}&#10;@Then(&quot;User gets error on page Fail&quot;)&#10;public void user_gets_error_on_page_fail() {&#10;    // Write code here that turns the phrase above into concrete actions&#10;    throw new io.cucumber.java.PendingException();&#10;}&#10;" type="io.cucumber.testng.UndefinedStepException">io.cucumber.testng.UndefinedStepException: 
The step 'User Launches the Chrome Browser' and 7 other step(s) are undefined.
You can implement these steps using the snippet(s) below:

@Given("User Launches the Chrome Browser")
public void user_launches_the_chrome_browser() {
    // Write code here that turns the phrase above into concrete actions
    throw new io.cucumber.java.PendingException();
}
@When("User opens the DsAlgo Portal link {string}")
public void user_opens_the_ds_algo_portal_link(String string) {
    // Write code here that turns the phrase above into concrete actions
    throw new io.cucumber.java.PendingException();
}
@Then("User clicks on the Get Started button")
public void user_clicks_on_the_get_started_button() {
    // Write code here that turns the phrase above into concrete actions
    throw new io.cucumber.java.PendingException();
}
@Then("User should see page title {string}")
public void user_should_see_page_title(String string) {
    // Write code here that turns the phrase above into concrete actions
    throw new io.cucumber.java.PendingException();
}
@Then("User clicks on Register link")
public void user_clicks_on_register_link() {
    // Write code here that turns the phrase above into concrete actions
    throw new io.cucumber.java.PendingException();
}
@Then("User enters username as register199batch and passwords as Static123 Static123@")
public void user_enters_username_as_register199batch_and_passwords_as_static123_static123() {
    // Write code here that turns the phrase above into concrete actions
    throw new io.cucumber.java.PendingException();
}
@Then("User clicks on Register button")
public void user_clicks_on_register_button() {
    // Write code here that turns the phrase above into concrete actions
    throw new io.cucumber.java.PendingException();
}
@Then("User gets error on page Fail")
public void user_gets_error_on_page_fail() {
    // Write code here that turns the phrase above into concrete actions
    throw new io.cucumber.java.PendingException();
}

</failure>
    <system-out><![CDATA[
Scenario Outline: Verify that user able to see warning message while selecting "Data Structures" from the drop down without Sign in # src/test/resources/features/treepage.feature:3
  Given user is on Introduction page
  When user clicks on Try Here Button
  Then user is redirected to tryEditor Page
]]></system-out>
  </testcase>
  <testcase name="runScenario" classname="dsAlgo_TestRunner.TestRunner" time="0.68">
    <failure message="The step &apos;User is on the Home page of dsalgo portal&apos; and 2 other step(s) are undefined.&#10;You can implement these steps using the snippet(s) below:&#10;&#10;@Given(&quot;User is on the Home page of dsalgo portal&quot;)&#10;public void user_is_on_the_home_page_of_dsalgo_portal() {&#10;    // Write code here that turns the phrase above into concrete actions&#10;    throw new io.cucumber.java.PendingException();&#10;}&#10;@When(&quot;User clicks on Get Started button under Array section&quot;)&#10;public void user_clicks_on_get_started_button_under_array_section() {&#10;    // Write code here that turns the phrase above into concrete actions&#10;    throw new io.cucumber.java.PendingException();&#10;}&#10;@Then(&quot;User is navigated to Array page&quot;)&#10;public void user_is_navigated_to_array_page() {&#10;    // Write code here that turns the phrase above into concrete actions&#10;    throw new io.cucumber.java.PendingException();&#10;}&#10;" type="io.cucumber.testng.UndefinedStepException">io.cucumber.testng.UndefinedStepException: 
The step 'User is on the Home page of dsalgo portal' and 2 other step(s) are undefined.
You can implement these steps using the snippet(s) below:

@Given("User is on the Home page of dsalgo portal")
public void user_is_on_the_home_page_of_dsalgo_portal() {
    // Write code here that turns the phrase above into concrete actions
    throw new io.cucumber.java.PendingException();
}
@When("User clicks on Get Started button under Array section")
public void user_clicks_on_get_started_button_under_array_section() {
    // Write code here that turns the phrase above into concrete actions
    throw new io.cucumber.java.PendingException();
}
@Then("User is navigated to Array page")
public void user_is_navigated_to_array_page() {
    // Write code here that turns the phrase above into concrete actions
    throw new io.cucumber.java.PendingException();
}

</failure>
    <system-out><![CDATA[
Scenario: Verify that user able to see warning message on clicking "Get Started" buttons of "Tree" on the home page without Sign in # src/test/resources/features/treepage.feature:8
]]></system-out>
    <system-err><![CDATA[Mar 13, 2025 7:05:38 PM org.openqa.selenium.devtools.CdpVersionFinder findNearestMatch
WARNING: Unable to find an exact match for CDP version 134, returning the closest version; found: 132; Please update to a Selenium version that supports CDP version 134
]]></system-err>
  </testcase>
  <testcase name="runScenario" classname="dsAlgo_TestRunner.TestRunner" time="5.099">
    <failure message="The step &apos;The user is on the Home page &quot;https://dsportalapp.herokuapp.com/home&quot;&apos; and 2 other step(s) are undefined.&#10;You can implement these steps using the snippet(s) below:&#10;&#10;@Given(&quot;The user is on the Home page {string}&quot;)&#10;public void the_user_is_on_the_home_page(String string) {&#10;    // Write code here that turns the phrase above into concrete actions&#10;    throw new io.cucumber.java.PendingException();&#10;}&#10;@When(&quot;The user selects Graph frpm Data Structures&quot;)&#10;public void the_user_selects_graph_frpm_data_structures() {&#10;    // Write code here that turns the phrase above into concrete actions&#10;    throw new io.cucumber.java.PendingException();&#10;}&#10;@Then(&quot;The user should able to see an warning message {string}&quot;)&#10;public void the_user_should_able_to_see_an_warning_message(String string) {&#10;    // Write code here that turns the phrase above into concrete actions&#10;    throw new io.cucumber.java.PendingException();&#10;}&#10;" type="io.cucumber.testng.UndefinedStepException">io.cucumber.testng.UndefinedStepException: 
The step 'The user is on the Home page "https://dsportalapp.herokuapp.com/home"' and 2 other step(s) are undefined.
You can implement these steps using the snippet(s) below:

@Given("The user is on the Home page {string}")
public void the_user_is_on_the_home_page(String string) {
    // Write code here that turns the phrase above into concrete actions
    throw new io.cucumber.java.PendingException();
}
@When("The user selects Graph frpm Data Structures")
public void the_user_selects_graph_frpm_data_structures() {
    // Write code here that turns the phrase above into concrete actions
    throw new io.cucumber.java.PendingException();
}
@Then("The user should able to see an warning message {string}")
public void the_user_should_able_to_see_an_warning_message(String string) {
    // Write code here that turns the phrase above into concrete actions
    throw new io.cucumber.java.PendingException();
}

</failure>
    <system-out><![CDATA[
Scenario: Verify that user is able to click on 'Get started' button of "Tree" on the home page after giving valid username and password # src/test/resources/features/treepage.feature:13
https://dsportalapp.herokuapp.com/
  Given The user is on the Home page "https://dsportalapp.herokuapp.com/home"
  When The user selects "Data Structures" from the drop down without Sign in.
  Then The user should able to see an warning message "You are not logged in"
https://dsportalapp.herokuapp.com/
https://dsportalapp.herokuapp.com/
  Given The user is on the Home page "https://dsportalapp.herokuapp.com/home"
  When The user clicks Get Started buttons of Tree on the homepage without Sign in
  Then The user should able to see an warning message 'You are not logged in'
  Given The user is on the Home page "https://dsportalapp.herokuapp.com/home"
  When The user clicks Get Started buttons of Tree on the homepage after Sign in with valid "sdet199list" and "Static123@"
  Then The user should able to redirect to the tree page
]]></system-out>
    <system-err><![CDATA[Mar 13, 2025 7:05:40 PM org.openqa.selenium.devtools.CdpVersionFinder findNearestMatch
WARNING: Unable to find an exact match for CDP version 134, returning the closest version; found: 132; Please update to a Selenium version that supports CDP version 134
Mar 13, 2025 7:05:41 PM org.openqa.selenium.devtools.CdpVersionFinder findNearestMatch
WARNING: Unable to find an exact match for CDP version 134, returning the closest version; found: 132; Please update to a Selenium version that supports CDP version 134
]]></system-err>
  </testcase>
  <testcase name="runScenario" classname="dsAlgo_TestRunner.TestRunner" time="0.028">
    <failure message="The step &apos;User is on the Array Page&apos; and 2 other step(s) are undefined.&#10;You can implement these steps using the snippet(s) below:&#10;&#10;@Given(&quot;User is on the Array Page&quot;)&#10;public void user_is_on_the_array_page() {&#10;    // Write code here that turns the phrase above into concrete actions&#10;    throw new io.cucumber.java.PendingException();&#10;}&#10;@When(&quot;user clicks on Arrays In Python Link&quot;)&#10;public void user_clicks_on_arrays_in_python_link() {&#10;    // Write code here that turns the phrase above into concrete actions&#10;    throw new io.cucumber.java.PendingException();&#10;}&#10;@Then(&quot;user should be redirected to Arrays In Python Page&quot;)&#10;public void user_should_be_redirected_to_arrays_in_python_page() {&#10;    // Write code here that turns the phrase above into concrete actions&#10;    throw new io.cucumber.java.PendingException();&#10;}&#10;" type="io.cucumber.testng.UndefinedStepException">io.cucumber.testng.UndefinedStepException: 
The step 'User is on the Array Page' and 2 other step(s) are undefined.
You can implement these steps using the snippet(s) below:

@Given("User is on the Array Page")
public void user_is_on_the_array_page() {
    // Write code here that turns the phrase above into concrete actions
    throw new io.cucumber.java.PendingException();
}
@When("user clicks on Arrays In Python Link")
public void user_clicks_on_arrays_in_python_link() {
    // Write code here that turns the phrase above into concrete actions
    throw new io.cucumber.java.PendingException();
}
@Then("user should be redirected to Arrays In Python Page")
public void user_should_be_redirected_to_arrays_in_python_page() {
    // Write code here that turns the phrase above into concrete actions
    throw new io.cucumber.java.PendingException();
}

</failure>
    <system-out><![CDATA[
Scenario: Verify that user is able to click on the link Overview of Trees from the Tree page # src/test/resources/features/treepage.feature:18
]]></system-out>
  </testcase>
  <testcase name="runScenario" classname="dsAlgo_TestRunner.TestRunner" time="0.037">
    <failure message="The step &apos;The user is on the Home page&apos; and 2 other step(s) are undefined.&#10;You can implement these steps using the snippet(s) below:&#10;&#10;@Given(&quot;The user is on the Home page&quot;)&#10;public void the_user_is_on_the_home_page() {&#10;    // Write code here that turns the phrase above into concrete actions&#10;    throw new io.cucumber.java.PendingException();&#10;}&#10;@When(&quot;The user clicks Get Started buttons of Graph on the homepage without Sign in&quot;)&#10;public void the_user_clicks_get_started_buttons_of_graph_on_the_homepage_without_sign_in() {&#10;    // Write code here that turns the phrase above into concrete actions&#10;    throw new io.cucumber.java.PendingException();&#10;}&#10;@Then(&quot;The user should able to see an warning message_graph {string}&quot;)&#10;public void the_user_should_able_to_see_an_warning_message_graph(String string) {&#10;    // Write code here that turns the phrase above into concrete actions&#10;    throw new io.cucumber.java.PendingException();&#10;}&#10;" type="io.cucumber.testng.UndefinedStepException">io.cucumber.testng.UndefinedStepException: 
The step 'The user is on the Home page' and 2 other step(s) are undefined.
You can implement these steps using the snippet(s) below:

@Given("The user is on the Home page")
public void the_user_is_on_the_home_page() {
    // Write code here that turns the phrase above into concrete actions
    throw new io.cucumber.java.PendingException();
}
@When("The user clicks Get Started buttons of Graph on the homepage without Sign in")
public void the_user_clicks_get_started_buttons_of_graph_on_the_homepage_without_sign_in() {
    // Write code here that turns the phrase above into concrete actions
    throw new io.cucumber.java.PendingException();
}
@Then("The user should able to see an warning message_graph {string}")
public void the_user_should_able_to_see_an_warning_message_graph(String string) {
    // Write code here that turns the phrase above into concrete actions
    throw new io.cucumber.java.PendingException();
}

</failure>
  </testcase>
  <testcase name="runScenario" classname="dsAlgo_TestRunner.TestRunner" time="0.049">
    <failure message="The step &apos;User Launches Chrome Browser&apos; and 7 other step(s) are undefined.&#10;You can implement these steps using the snippet(s) below:&#10;&#10;@Given(&quot;User Launches Chrome Browser&quot;)&#10;public void user_launches_chrome_browser() {&#10;    // Write code here that turns the phrase above into concrete actions&#10;    throw new io.cucumber.java.PendingException();&#10;}&#10;@When(&quot;User opens DsAlgo Portal link {string}&quot;)&#10;public void user_opens_ds_algo_portal_link(String string) {&#10;    // Write code here that turns the phrase above into concrete actions&#10;    throw new io.cucumber.java.PendingException();&#10;}&#10;@Then(&quot;User clicks on Get Started button&quot;)&#10;public void user_clicks_on_get_started_button() {&#10;    // Write code here that turns the phrase above into concrete actions&#10;    throw new io.cucumber.java.PendingException();&#10;}&#10;@Then(&quot;User should see the page title {string}&quot;)&#10;public void user_should_see_the_page_title(String string) {&#10;    // Write code here that turns the phrase above into concrete actions&#10;    throw new io.cucumber.java.PendingException();&#10;}&#10;@Then(&quot;User clicks on Signin link&quot;)&#10;public void user_clicks_on_signin_link() {&#10;    // Write code here that turns the phrase above into concrete actions&#10;    throw new io.cucumber.java.PendingException();&#10;}&#10;@Then(&quot;User enters username sdet199list and password Static123@&quot;)&#10;public void user_enters_username_sdet199list_and_password_static123() {&#10;    // Write code here that turns the phrase above into concrete actions&#10;    throw new io.cucumber.java.PendingException();&#10;}&#10;@Then(&quot;User clicks on login button&quot;)&#10;public void user_clicks_on_login_button() {&#10;    // Write code here that turns the phrase above into concrete actions&#10;    throw new io.cucumber.java.PendingException();&#10;}&#10;@Then(&quot;User is logged in with expected status Pass&quot;)&#10;public void user_is_logged_in_with_expected_status_pass() {&#10;    // Write code here that turns the phrase above into concrete actions&#10;    throw new io.cucumber.java.PendingException();&#10;}&#10;" type="io.cucumber.testng.UndefinedStepException">io.cucumber.testng.UndefinedStepException: 
The step 'User Launches Chrome Browser' and 7 other step(s) are undefined.
You can implement these steps using the snippet(s) below:

@Given("User Launches Chrome Browser")
public void user_launches_chrome_browser() {
    // Write code here that turns the phrase above into concrete actions
    throw new io.cucumber.java.PendingException();
}
@When("User opens DsAlgo Portal link {string}")
public void user_opens_ds_algo_portal_link(String string) {
    // Write code here that turns the phrase above into concrete actions
    throw new io.cucumber.java.PendingException();
}
@Then("User clicks on Get Started button")
public void user_clicks_on_get_started_button() {
    // Write code here that turns the phrase above into concrete actions
    throw new io.cucumber.java.PendingException();
}
@Then("User should see the page title {string}")
public void user_should_see_the_page_title(String string) {
    // Write code here that turns the phrase above into concrete actions
    throw new io.cucumber.java.PendingException();
}
@Then("User clicks on Signin link")
public void user_clicks_on_signin_link() {
    // Write code here that turns the phrase above into concrete actions
    throw new io.cucumber.java.PendingException();
}
@Then("User enters username sdet199list and password Static123@")
public void user_enters_username_sdet199list_and_password_static123() {
    // Write code here that turns the phrase above into concrete actions
    throw new io.cucumber.java.PendingException();
}
@Then("User clicks on login button")
public void user_clicks_on_login_button() {
    // Write code here that turns the phrase above into concrete actions
    throw new io.cucumber.java.PendingException();
}
@Then("User is logged in with expected status Pass")
public void user_is_logged_in_with_expected_status_pass() {
    // Write code here that turns the phrase above into concrete actions
    throw new io.cucumber.java.PendingException();
}

</failure>
  </testcase>
  <testcase name="runScenario" classname="dsAlgo_TestRunner.TestRunner" time="0.049">
    <failure message="The step &apos;user is on Introduction page&apos; and 2 other step(s) are undefined.&#10;You can implement these steps using the snippet(s) below:&#10;&#10;@Given(&quot;user is on Introduction page&quot;)&#10;public void user_is_on_introduction_page() {&#10;    // Write code here that turns the phrase above into concrete actions&#10;    throw new io.cucumber.java.PendingException();&#10;}&#10;@When(&quot;user clicks on Try Here Button&quot;)&#10;public void user_clicks_on_try_here_button() {&#10;    // Write code here that turns the phrase above into concrete actions&#10;    throw new io.cucumber.java.PendingException();&#10;}&#10;@Then(&quot;user is redirected to tryEditor Page&quot;)&#10;public void user_is_redirected_to_try_editor_page() {&#10;    // Write code here that turns the phrase above into concrete actions&#10;    throw new io.cucumber.java.PendingException();&#10;}&#10;" type="io.cucumber.testng.UndefinedStepException">io.cucumber.testng.UndefinedStepException: 
The step 'user is on Introduction page' and 2 other step(s) are undefined.
You can implement these steps using the snippet(s) below:

@Given("user is on Introduction page")
public void user_is_on_introduction_page() {
    // Write code here that turns the phrase above into concrete actions
    throw new io.cucumber.java.PendingException();
}
@When("user clicks on Try Here Button")
public void user_clicks_on_try_here_button() {
    // Write code here that turns the phrase above into concrete actions
    throw new io.cucumber.java.PendingException();
}
@Then("user is redirected to tryEditor Page")
public void user_is_redirected_to_try_editor_page() {
    // Write code here that turns the phrase above into concrete actions
    throw new io.cucumber.java.PendingException();
}

</failure>
  </testcase>
  <testcase name="runScenario" classname="dsAlgo_TestRunner.TestRunner" time="3.131">
    <failure message="The step &apos;user is on the DsAlgo Home Page&apos; and 2 other step(s) are undefined.&#10;You can implement these steps using the snippet(s) below:&#10;&#10;@Given(&quot;user is on the DsAlgo Home Page&quot;)&#10;public void user_is_on_the_ds_algo_home_page() {&#10;    // Write code here that turns the phrase above into concrete actions&#10;    throw new io.cucumber.java.PendingException();&#10;}&#10;@When(&quot;user clicks on Get Started Button under Linked List&quot;)&#10;public void user_clicks_on_get_started_button_under_linked_list() {&#10;    // Write code here that turns the phrase above into concrete actions&#10;    throw new io.cucumber.java.PendingException();&#10;}&#10;@Then(&quot;user should be able to navigate to Linked List Page&quot;)&#10;public void user_should_be_able_to_navigate_to_linked_list_page() {&#10;    // Write code here that turns the phrase above into concrete actions&#10;    throw new io.cucumber.java.PendingException();&#10;}&#10;" type="io.cucumber.testng.UndefinedStepException">io.cucumber.testng.UndefinedStepException: 
The step 'user is on the DsAlgo Home Page' and 2 other step(s) are undefined.
You can implement these steps using the snippet(s) below:

@Given("user is on the DsAlgo Home Page")
public void user_is_on_the_ds_algo_home_page() {
    // Write code here that turns the phrase above into concrete actions
    throw new io.cucumber.java.PendingException();
}
@When("user clicks on Get Started Button under Linked List")
public void user_clicks_on_get_started_button_under_linked_list() {
    // Write code here that turns the phrase above into concrete actions
    throw new io.cucumber.java.PendingException();
}
@Then("user should be able to navigate to Linked List Page")
public void user_should_be_able_to_navigate_to_linked_list_page() {
    // Write code here that turns the phrase above into concrete actions
    throw new io.cucumber.java.PendingException();
}

</failure>
    <system-out><![CDATA[https://dsportalapp.herokuapp.com/
  Given The user is on the Tree page
  When The user clicks on the link Overview of Trees  on the Tree page after Sign in
  Then The user should able to redirect to the Overview of Trees page
]]></system-out>
    <system-err><![CDATA[Mar 13, 2025 7:05:45 PM org.openqa.selenium.devtools.CdpVersionFinder findNearestMatch
WARNING: Unable to find an exact match for CDP version 134, returning the closest version; found: 132; Please update to a Selenium version that supports CDP version 134
]]></system-err>
  </testcase>
  <testcase name="runScenario" classname="dsAlgo_TestRunner.TestRunner" time="3.156">
    <failure message="The step &apos;user is navigate to the tryEditor&apos; and 2 other step(s) are undefined.&#10;You can implement these steps using the snippet(s) below:&#10;&#10;@Given(&quot;user is navigate to the tryEditor&quot;)&#10;public void user_is_navigate_to_the_try_editor() {&#10;    // Write code here that turns the phrase above into concrete actions&#10;    throw new io.cucumber.java.PendingException();&#10;}&#10;@When(&quot;user enter valid pythoncode&quot;)&#10;public void user_enter_valid_pythoncode() {&#10;    // Write code here that turns the phrase above into concrete actions&#10;    throw new io.cucumber.java.PendingException();&#10;}&#10;@Then(&quot;The user checks output in the console output&quot;)&#10;public void the_user_checks_output_in_the_console_output() {&#10;    // Write code here that turns the phrase above into concrete actions&#10;    throw new io.cucumber.java.PendingException();&#10;}&#10;" type="io.cucumber.testng.UndefinedStepException">io.cucumber.testng.UndefinedStepException: 
The step 'user is navigate to the tryEditor' and 2 other step(s) are undefined.
You can implement these steps using the snippet(s) below:

@Given("user is navigate to the tryEditor")
public void user_is_navigate_to_the_try_editor() {
    // Write code here that turns the phrase above into concrete actions
    throw new io.cucumber.java.PendingException();
}
@When("user enter valid pythoncode")
public void user_enter_valid_pythoncode() {
    // Write code here that turns the phrase above into concrete actions
    throw new io.cucumber.java.PendingException();
}
@Then("The user checks output in the console output")
public void the_user_checks_output_in_the_console_output() {
    // Write code here that turns the phrase above into concrete actions
    throw new io.cucumber.java.PendingException();
}

</failure>
  </testcase>
  <testcase name="runScenario" classname="dsAlgo_TestRunner.TestRunner" time="6.871">
    <failure message="The step &apos;The user is on the Home page &quot;https://dsportalapp.herokuapp.com/home&quot;&apos; and 2 other step(s) are undefined.&#10;You can implement these steps using the snippet(s) below:&#10;&#10;@Given(&quot;The user is on the Home page {string}&quot;)&#10;public void the_user_is_on_the_home_page(String string) {&#10;    // Write code here that turns the phrase above into concrete actions&#10;    throw new io.cucumber.java.PendingException();&#10;}&#10;@When(&quot;The user selects {string} from the drop down without Sign in.&quot;)&#10;public void the_user_selects_from_the_drop_down_without_sign_in(String string) {&#10;    // Write code here that turns the phrase above into concrete actions&#10;    throw new io.cucumber.java.PendingException();&#10;}&#10;@Then(&quot;The user should able to see an warning message {string}&quot;)&#10;public void the_user_should_able_to_see_an_warning_message(String string) {&#10;    // Write code here that turns the phrase above into concrete actions&#10;    throw new io.cucumber.java.PendingException();&#10;}&#10;" type="io.cucumber.testng.UndefinedStepException">io.cucumber.testng.UndefinedStepException: 
The step 'The user is on the Home page "https://dsportalapp.herokuapp.com/home"' and 2 other step(s) are undefined.
You can implement these steps using the snippet(s) below:

@Given("The user is on the Home page {string}")
public void the_user_is_on_the_home_page(String string) {
    // Write code here that turns the phrase above into concrete actions
    throw new io.cucumber.java.PendingException();
}
@When("The user selects {string} from the drop down without Sign in.")
public void the_user_selects_from_the_drop_down_without_sign_in(String string) {
    // Write code here that turns the phrase above into concrete actions
    throw new io.cucumber.java.PendingException();
}
@Then("The user should able to see an warning message {string}")
public void the_user_should_able_to_see_an_warning_message(String string) {
    // Write code here that turns the phrase above into concrete actions
    throw new io.cucumber.java.PendingException();
}

</failure>
  </testcase>
  <testcase name="runScenario" classname="dsAlgo_TestRunner.TestRunner" time="7.278">
    <failure message="The step &apos;The user is on the Tree page&apos; and 2 other step(s) are undefined.&#10;You can implement these steps using the snippet(s) below:&#10;&#10;@Given(&quot;The user is on the Tree page&quot;)&#10;public void the_user_is_on_the_tree_page() {&#10;    // Write code here that turns the phrase above into concrete actions&#10;    throw new io.cucumber.java.PendingException();&#10;}&#10;@When(&quot;The user clicks on the link Overview of Trees  on the Tree page after Sign in&quot;)&#10;public void the_user_clicks_on_the_link_overview_of_trees_on_the_tree_page_after_sign_in() {&#10;    // Write code here that turns the phrase above into concrete actions&#10;    throw new io.cucumber.java.PendingException();&#10;}&#10;@Then(&quot;The user should able to redirect to the Overview of Trees page&quot;)&#10;public void the_user_should_able_to_redirect_to_the_overview_of_trees_page() {&#10;    // Write code here that turns the phrase above into concrete actions&#10;    throw new io.cucumber.java.PendingException();&#10;}&#10;" type="io.cucumber.testng.UndefinedStepException">io.cucumber.testng.UndefinedStepException: 
The step 'The user is on the Tree page' and 2 other step(s) are undefined.
You can implement these steps using the snippet(s) below:

@Given("The user is on the Tree page")
public void the_user_is_on_the_tree_page() {
    // Write code here that turns the phrase above into concrete actions
    throw new io.cucumber.java.PendingException();
}
@When("The user clicks on the link Overview of Trees  on the Tree page after Sign in")
public void the_user_clicks_on_the_link_overview_of_trees_on_the_tree_page_after_sign_in() {
    // Write code here that turns the phrase above into concrete actions
    throw new io.cucumber.java.PendingException();
}
@Then("The user should able to redirect to the Overview of Trees page")
public void the_user_should_able_to_redirect_to_the_overview_of_trees_page() {
    // Write code here that turns the phrase above into concrete actions
    throw new io.cucumber.java.PendingException();
}

</failure>
  </testcase>
  <testcase name="runScenario" classname="dsAlgo_TestRunner.TestRunner" time="7.556">
    <failure message="The step &apos;The user is on the Home page &quot;https://dsportalapp.herokuapp.com/home&quot;&apos; and 2 other step(s) are undefined.&#10;You can implement these steps using the snippet(s) below:&#10;&#10;@Given(&quot;The user is on the Home page {string}&quot;)&#10;public void the_user_is_on_the_home_page(String string) {&#10;    // Write code here that turns the phrase above into concrete actions&#10;    throw new io.cucumber.java.PendingException();&#10;}&#10;@When(&quot;The user clicks Get Started buttons of Tree on the homepage after Sign in with valid {string} and {string}&quot;)&#10;public void the_user_clicks_get_started_buttons_of_tree_on_the_homepage_after_sign_in_with_valid_and(String string, String string2) {&#10;    // Write code here that turns the phrase above into concrete actions&#10;    throw new io.cucumber.java.PendingException();&#10;}&#10;@Then(&quot;The user should able to redirect to the tree page&quot;)&#10;public void the_user_should_able_to_redirect_to_the_tree_page() {&#10;    // Write code here that turns the phrase above into concrete actions&#10;    throw new io.cucumber.java.PendingException();&#10;}&#10;" type="io.cucumber.testng.UndefinedStepException">io.cucumber.testng.UndefinedStepException: 
The step 'The user is on the Home page "https://dsportalapp.herokuapp.com/home"' and 2 other step(s) are undefined.
You can implement these steps using the snippet(s) below:

@Given("The user is on the Home page {string}")
public void the_user_is_on_the_home_page(String string) {
    // Write code here that turns the phrase above into concrete actions
    throw new io.cucumber.java.PendingException();
}
@When("The user clicks Get Started buttons of Tree on the homepage after Sign in with valid {string} and {string}")
public void the_user_clicks_get_started_buttons_of_tree_on_the_homepage_after_sign_in_with_valid_and(String string, String string2) {
    // Write code here that turns the phrase above into concrete actions
    throw new io.cucumber.java.PendingException();
}
@Then("The user should able to redirect to the tree page")
public void the_user_should_able_to_redirect_to_the_tree_page() {
    // Write code here that turns the phrase above into concrete actions
    throw new io.cucumber.java.PendingException();
}

</failure>
  </testcase>
  <testcase name="runScenario" classname="dsAlgo_TestRunner.TestRunner" time="7.57">
    <failure message="The step &apos;The user is on the Home page &quot;https://dsportalapp.herokuapp.com/home&quot;&apos; and 2 other step(s) are undefined.&#10;You can implement these steps using the snippet(s) below:&#10;&#10;@Given(&quot;The user is on the Home page {string}&quot;)&#10;public void the_user_is_on_the_home_page(String string) {&#10;    // Write code here that turns the phrase above into concrete actions&#10;    throw new io.cucumber.java.PendingException();&#10;}&#10;@When(&quot;The user clicks Get Started buttons of Tree on the homepage without Sign in&quot;)&#10;public void the_user_clicks_get_started_buttons_of_tree_on_the_homepage_without_sign_in() {&#10;    // Write code here that turns the phrase above into concrete actions&#10;    throw new io.cucumber.java.PendingException();&#10;}&#10;@Then(&quot;The user should able to see an warning message {string}&quot;)&#10;public void the_user_should_able_to_see_an_warning_message(String string) {&#10;    // Write code here that turns the phrase above into concrete actions&#10;    throw new io.cucumber.java.PendingException();&#10;}&#10;" type="io.cucumber.testng.UndefinedStepException">io.cucumber.testng.UndefinedStepException: 
The step 'The user is on the Home page "https://dsportalapp.herokuapp.com/home"' and 2 other step(s) are undefined.
You can implement these steps using the snippet(s) below:

@Given("The user is on the Home page {string}")
public void the_user_is_on_the_home_page(String string) {
    // Write code here that turns the phrase above into concrete actions
    throw new io.cucumber.java.PendingException();
}
@When("The user clicks Get Started buttons of Tree on the homepage without Sign in")
public void the_user_clicks_get_started_buttons_of_tree_on_the_homepage_without_sign_in() {
    // Write code here that turns the phrase above into concrete actions
    throw new io.cucumber.java.PendingException();
}
@Then("The user should able to see an warning message {string}")
public void the_user_should_able_to_see_an_warning_message(String string) {
    // Write code here that turns the phrase above into concrete actions
    throw new io.cucumber.java.PendingException();
}

</failure>
  </testcase>
</testsuite>